#-----------------------------------------------------------
# Vivado v2018.3 (64-bit)
# SW Build 2405991 on Thu Dec  6 23:38:27 MST 2018
# IP Build 2404404 on Fri Dec  7 01:43:56 MST 2018
# Start of session at: Thu Feb 17 22:03:26 2022
# Process ID: 19136
# Current directory: F:/Xilink_FPGA/Project/ov5640x2_ddr3_tft_test
# Command line: vivado.exe -gui_launcher_event rodinguilauncherevent10340 F:\Xilink_FPGA\Project\ov5640x2_ddr3_tft_test\ov5640x2_ddr3_tft.xpr
# Log file: F:/Xilink_FPGA/Project/ov5640x2_ddr3_tft_test/vivado.log
# Journal file: F:/Xilink_FPGA/Project/ov5640x2_ddr3_tft_test\vivado.jou
#-----------------------------------------------------------
start_gui
open_project F:/Xilink_FPGA/Project/ov5640x2_ddr3_tft_test/ov5640x2_ddr3_tft.xpr
Scanning sources...
Finished scanning sources
INFO: [IP_Flow 19-234] Refreshing IP repositories
INFO: [IP_Flow 19-1704] No user IP repositories specified
INFO: [IP_Flow 19-2313] Loaded Vivado IP repository 'F:/vivado/Vivado/2018.3/data/ip'.
open_project: Time (s): cpu = 00:00:30 ; elapsed = 00:00:24 . Memory (MB): peak = 791.645 ; gain = 189.566
update_compile_order -fileset sources_1
reset_run impl_1 -prev_step 
launch_runs impl_1 -to_step write_bitstream -jobs 2
[Thu Feb 17 22:06:38 2022] Launched impl_1...
Run output will be captured here: F:/Xilink_FPGA/Project/ov5640x2_ddr3_tft_test/ov5640x2_ddr3_tft.runs/impl_1/runme.log
exit
INFO: [Common 17-206] Exiting Vivado at Thu Feb 17 22:09:01 2022...
